0 verbose cli /opt/homebrew/Cellar/node/24.8.0/bin/node /opt/homebrew/lib/node_modules/npm/bin/npm-cli.js
1 info using npm@11.6.0
2 info using node@v24.8.0
3 silly config load:file:/opt/homebrew/lib/node_modules/npm/npmrc
4 silly config load:file:/Users/amish/Distributed_Grid/.npmrc
5 silly config load:file:/Users/amish/.npmrc
6 silly config load:file:/opt/homebrew/etc/npmrc
7 verbose title npm exec create-vite@latest frontend --template react --no-interactive
8 verbose argv "exec" "--yes" "--" "create-vite@latest" "frontend" "--template" "react" "--no-interactive"
9 verbose logfile logs-max:10 dir:/Users/amish/Distributed_Grid/.npm-cache/_logs/2026-04-04T19_27_32_769Z-
10 verbose logfile /Users/amish/Distributed_Grid/.npm-cache/_logs/2026-04-04T19_27_32_769Z-debug-0.log
11 silly logfile done cleaning log files
12 silly packumentCache heap:4496293888 maxSize:1124073472 maxEntrySize:562036736
13 http fetch GET 200 https://registry.npmjs.org/create-vite 344ms (cache revalidated)
14 silly packumentCache heap:4496293888 maxSize:1124073472 maxEntrySize:562036736
15 silly packumentCache heap:4496293888 maxSize:1124073472 maxEntrySize:562036736
16 verbose cwd /Users/amish/Distributed_Grid
17 verbose os Darwin 25.3.0
18 verbose node v24.8.0
19 verbose npm  v11.6.0
20 verbose exit 0
21 info ok
