0 verbose cli /opt/homebrew/Cellar/node/24.8.0/bin/node /opt/homebrew/lib/node_modules/npm/bin/npm-cli.js
1 info using npm@11.6.0
2 info using node@v24.8.0
3 silly config load:file:/opt/homebrew/lib/node_modules/npm/npmrc
4 silly config load:file:/Users/amish/Distributed_Grid/.npmrc
5 silly config load:file:/Users/amish/.npmrc
6 silly config load:file:/opt/homebrew/etc/npmrc
7 verbose title npm exec create-vite@latest --help
8 verbose argv "exec" "--yes" "--" "create-vite@latest" "--help"
9 verbose logfile logs-max:10 dir:/Users/amish/Distributed_Grid/.npm-cache/_logs/2026-04-04T19_27_26_562Z-
10 verbose logfile /Users/amish/Distributed_Grid/.npm-cache/_logs/2026-04-04T19_27_26_562Z-debug-0.log
11 silly logfile done cleaning log files
12 silly packumentCache heap:4496293888 maxSize:1124073472 maxEntrySize:562036736
13 http fetch GET 200 https://registry.npmjs.org/create-vite 212ms (cache miss)
14 silly packumentCache heap:4496293888 maxSize:1124073472 maxEntrySize:562036736
15 http fetch GET 200 https://registry.npmjs.org/npm 259ms
16 silly packumentCache heap:4496293888 maxSize:1124073472 maxEntrySize:562036736
17 silly idealTree buildDeps
18 silly fetch manifest create-vite@9.0.3
19 silly packumentCache full:https://registry.npmjs.org/create-vite cache-miss
20 http fetch GET 200 https://registry.npmjs.org/create-vite 47ms (cache miss)
21 silly packumentCache full:https://registry.npmjs.org/create-vite set size:undefined disposed:false
22 silly placeDep ROOT create-vite@9.0.3 OK for:  want: 9.0.3
23 silly reify moves {}
24 silly audit bulk request { 'create-vite': [ '9.0.3' ] }
25 http cache create-vite@https://registry.npmjs.org/create-vite/-/create-vite-9.0.3.tgz 0ms (cache hit)
26 silly tarball no local data for create-vite@https://registry.npmjs.org/create-vite/-/create-vite-9.0.3.tgz. Extracting by manifest.
27 http fetch GET 200 https://registry.npmjs.org/create-vite/-/create-vite-9.0.3.tgz 92ms (cache miss)
28 http fetch POST 200 https://registry.npmjs.org/-/npm/v1/security/advisories/bulk 232ms
29 silly audit report {}
30 verbose cwd /Users/amish/Distributed_Grid
31 verbose os Darwin 25.3.0
32 verbose node v24.8.0
33 verbose npm  v11.6.0
34 notice
34 notice New minor version of npm available! 11.6.0 -> 11.12.1
34 notice Changelog: https://github.com/npm/cli/releases/tag/v11.12.1
34 notice To update run: npm install -g npm@11.12.1
34 notice  { force: true, Symbol(proc-log.meta): true }
35 verbose exit 0
36 info ok
